<?xml version="1.0" encoding="UTF-8"?>
<!-- Generated by org.testng.reporters.JUnitReportReporter -->
<testsuite hostname="DESKTOP-T9G3HNM" failures="0" tests="5" name="com.Maven.testNG_Trail" time="0.059" errors="0" timestamp="2022-03-30T13:12:25 IST" skipped="0">
  <testcase classname="com.Maven.testNG_Trail" name="cMethod" time="0.010"/>
  <testcase classname="com.Maven.testNG_Trail" name="bMethod" time="0.009"/>
  <testcase classname="com.Maven.testNG_Trail" name="dMethod" time="0.006"/>
  <testcase classname="com.Maven.testNG_Trail" name="fMethoed" time="0.006"/>
  <testcase classname="com.Maven.testNG_Trail" name="aMethod" time="0.028"/>
</testsuite> <!-- com.Maven.testNG_Trail -->
