<?xml version="1.0" encoding="UTF-8"?>
<!-- Generated by org.testng.reporters.JUnitReportReporter -->
<testsuite hostname="DESKTOP-T9G3HNM" failures="0" tests="7" name="com.Maven.DependencyTest" time="0.050" errors="0" timestamp="2022-04-01T11:40:29 IST" skipped="0">
  <testcase classname="com.Maven.DependencyTest" name="eMethod" time="0.004"/>
  <testcase classname="com.Maven.DependencyTest" name="eMethod" time="0.004"/>
  <testcase classname="com.Maven.DependencyTest" name="aMethod" time="0.021"/>
  <testcase classname="com.Maven.DependencyTest" name="dMethod" time="0.005"/>
  <testcase classname="com.Maven.DependencyTest" name="cMethod" time="0.004"/>
  <testcase classname="com.Maven.DependencyTest" name="bMethod" time="0.008"/>
  <testcase classname="com.Maven.DependencyTest" name="eMethod" time="0.004"/>
</testsuite> <!-- com.Maven.DependencyTest -->
