<?xml version="1.0" encoding="UTF-8"?>
<!-- Generated by org.testng.reporters.JUnitReportReporter -->
<testsuite hostname="DESKTOP-T9G3HNM" failures="0" tests="5" name="com.Maven.TestParallel" time="0.045" errors="0" timestamp="2022-03-31T16:24:16 IST" skipped="0">
  <testcase classname="com.Maven.TestParallel" name="bMethod" time="0.030"/>
  <testcase classname="com.Maven.TestParallel" name="aMethod" time="0.005"/>
  <testcase classname="com.Maven.TestParallel" name="eMethod" time="0.004"/>
  <testcase classname="com.Maven.TestParallel" name="dMethod" time="0.003"/>
  <testcase classname="com.Maven.TestParallel" name="cMethod" time="0.003"/>
</testsuite> <!-- com.Maven.TestParallel -->
