<?xml version="1.0" encoding="UTF-8"?>
<!-- Generated by org.testng.reporters.JUnitReportReporter -->
<testsuite hostname="DESKTOP-T9G3HNM" failures="0" tests="2" name="com.Maven.CrossBrowser" time="24.728" errors="0" timestamp="2022-04-10T12:07:41 IST" skipped="0">
  <testcase classname="com.Maven.CrossBrowser" name="browser" time="14.429"/>
  <testcase classname="com.Maven.CrossBrowser" name="browser2" time="10.299"/>
</testsuite> <!-- com.Maven.CrossBrowser -->
